<?xml version="1.0" encoding="UTF-8"?>
<testsuite name="testCases.ListCommandUnitTest" tests="2" skipped="0" failures="0" errors="0" timestamp="2022-09-27T07:29:42" hostname="DESKTOP-430QMC7" time="0.007">
  <properties/>
  <testcase name="ListCommandTestEmptyFile()" classname="testCases.ListCommandUnitTest" time="0.004"/>
  <testcase name="ListCommandTestNotEmptyFile()" classname="testCases.ListCommandUnitTest" time="0.002"/>
  <system-out><![CDATA[]]></system-out>
  <system-err><![CDATA[]]></system-err>
</testsuite>
