<?xml version="1.0" encoding="UTF-8"?>
<testsuite name="testCases.FileLoaderUnitTest" tests="1" skipped="0" failures="0" errors="0" timestamp="2022-10-01T08:14:25" hostname="DESKTOP-430QMC7" time="0.012">
  <properties/>
  <testcase name="FileLoaderTest()" classname="testCases.FileLoaderUnitTest" time="0.012"/>
  <system-out><![CDATA[]]></system-out>
  <system-err><![CDATA[]]></system-err>
</testsuite>
