<?xml version="1.0" encoding="UTF-8"?>
<testsuite name="testCases.InsCommandUnitTest" tests="5" skipped="0" failures="0" errors="0" timestamp="2022-10-01T08:14:25" hostname="DESKTOP-430QMC7" time="0.115">
  <properties/>
  <testcase name="ins -1" classname="testCases.InsCommandUnitTest" time="0.018"/>
  <testcase name="ins 0" classname="testCases.InsCommandUnitTest" time="0.013"/>
  <testcase name="ins 1" classname="testCases.InsCommandUnitTest" time="0.015"/>
  <testcase name="ins 20" classname="testCases.InsCommandUnitTest" time="0.014"/>
  <testcase name="ins 100" classname="testCases.InsCommandUnitTest" time="0.013"/>
  <system-out><![CDATA[]]></system-out>
  <system-err><![CDATA[]]></system-err>
</testsuite>
