<?xml version="1.0" encoding="UTF-8"?>
<testsuite name="testCases.DelCommandUnitTest" tests="10" skipped="0" failures="0" errors="0" timestamp="2022-09-27T07:29:42" hostname="DESKTOP-430QMC7" time="0.092">
  <properties/>
  <testcase name="del -1" classname="testCases.DelCommandUnitTest" time="0.053"/>
  <testcase name="del 0" classname="testCases.DelCommandUnitTest" time="0.003"/>
  <testcase name="del 3" classname="testCases.DelCommandUnitTest" time="0.003"/>
  <testcase name="del 20" classname="testCases.DelCommandUnitTest" time="0.003"/>
  <testcase name="del 100" classname="testCases.DelCommandUnitTest" time="0.002"/>
  <testcase name="del -1" classname="testCases.DelCommandUnitTest" time="0.003"/>
  <testcase name="del 0" classname="testCases.DelCommandUnitTest" time="0.002"/>
  <testcase name="del 3" classname="testCases.DelCommandUnitTest" time="0.003"/>
  <testcase name="del 20" classname="testCases.DelCommandUnitTest" time="0.002"/>
  <testcase name="del 100" classname="testCases.DelCommandUnitTest" time="0.002"/>
  <system-out><![CDATA[]]></system-out>
  <system-err><![CDATA[]]></system-err>
</testsuite>
