<?xml version="1.0" encoding="UTF-8"?>
<testsuite name="testCases.SaveCommandUnitTest" tests="1" skipped="0" failures="0" errors="0" timestamp="2022-10-01T08:14:25" hostname="DESKTOP-430QMC7" time="0.026">
  <properties/>
  <testcase name="SaveCommandTest()" classname="testCases.SaveCommandUnitTest" time="0.026"/>
  <system-out><![CDATA[]]></system-out>
  <system-err><![CDATA[]]></system-err>
</testsuite>
