<?xml version="1.0" encoding="UTF-8"?>
<testsuite name="ExampleTest" tests="8" skipped="1" failures="0" errors="0" timestamp="2022-09-24T13:16:22" hostname="DESKTOP-430QMC7" time="0.06">
  <properties/>
  <testcase name="3" classname="ExampleTest" time="0.039"/>
  <testcase name="4" classname="ExampleTest" time="0.001"/>
  <testcase name="5" classname="ExampleTest" time="0.001"/>
  <testcase name="8" classname="ExampleTest" time="0.001"/>
  <testcase name="14" classname="ExampleTest" time="0.001"/>
  <testcase name="List test example" classname="ExampleTest" time="0.005"/>
  <testcase name="The first test example" classname="ExampleTest" time="0.001"/>
  <testcase name="Test only if condition is met" classname="ExampleTest" time="0.003">
    <skipped/>
  </testcase>
  <system-out><![CDATA[]]></system-out>
  <system-err><![CDATA[]]></system-err>
</testsuite>
