<?xml version="1.0" encoding="UTF-8"?>
<testsuite name="testCases.InsCommandUnitTest" tests="5" skipped="0" failures="0" errors="0" timestamp="2022-09-27T07:29:42" hostname="DESKTOP-430QMC7" time="0.018">
  <properties/>
  <testcase name="ins -1" classname="testCases.InsCommandUnitTest" time="0.004"/>
  <testcase name="ins 0" classname="testCases.InsCommandUnitTest" time="0.002"/>
  <testcase name="ins 1" classname="testCases.InsCommandUnitTest" time="0.002"/>
  <testcase name="ins 20" classname="testCases.InsCommandUnitTest" time="0.002"/>
  <testcase name="ins 100" classname="testCases.InsCommandUnitTest" time="0.002"/>
  <system-out><![CDATA[]]></system-out>
  <system-err><![CDATA[]]></system-err>
</testsuite>
