<component name="ArtifactManager">
  <artifact type="jar" name="junit5Test:jar">
    <output-path>$PROJECT_DIR$/out/artifacts/junit5Test_jar</output-path>
    <root id="archive" name="junit5Test.jar">
      <element id="directory" name="META-INF">
        <element id="file-copy" path="$PROJECT_DIR$/src/META-INF/MANIFEST.MF" />
      </element>
      <element id="module-output" name="junit5Test.main" />
      <element id="extracted-dir" path="$USER_HOME$/.gradle/caches/modules-2/files-2.1/org.junit.jupiter/junit-jupiter-engine/5.9.0/cc1cb5efae97493dcffb687253a0964ad2e7b99/junit-jupiter-engine-5.9.0.jar" path-in-jar="/" />
      <element id="extracted-dir" path="$USER_HOME$/.gradle/caches/modules-2/files-2.1/org.junit.jupiter/junit-jupiter/5.9.0/db1cd1cd9e3138cf9e5ecb12a2ccc9cfbdf6a1d/junit-jupiter-5.9.0.jar" path-in-jar="/" />
      <element id="extracted-dir" path="$USER_HOME$/.gradle/caches/modules-2/files-2.1/org.junit.platform/junit-platform-commons/1.9.0/b727889107fc28c7460b21d1083212f8ce7602c6/junit-platform-commons-1.9.0.jar" path-in-jar="/" />
      <element id="extracted-dir" path="$USER_HOME$/.gradle/caches/modules-2/files-2.1/org.junit.jupiter/junit-jupiter-api/5.9.0/a44f7eba3ea214f6ec87ad9fccd3b2ac4681a4/junit-jupiter-api-5.9.0.jar" path-in-jar="/" />
      <element id="extracted-dir" path="$USER_HOME$/.gradle/caches/modules-2/files-2.1/org.junit.jupiter/junit-jupiter-params/5.9.0/d6b6ccd3585351f617b06f066675271afebe9b28/junit-jupiter-params-5.9.0.jar" path-in-jar="/" />
      <element id="extracted-dir" path="$USER_HOME$/.gradle/caches/modules-2/files-2.1/org.junit.platform/junit-platform-engine/1.9.0/bd46891f01817b5ffdd368cb0482a34746610acb/junit-platform-engine-1.9.0.jar" path-in-jar="/" />
      <element id="extracted-dir" path="$USER_HOME$/.gradle/caches/modules-2/files-2.1/org.opentest4j/opentest4j/1.2.0/28c11eb91f9b6d8e200631d46e20a7f407f2a046/opentest4j-1.2.0.jar" path-in-jar="/" />
    </root>
  </artifact>
</component>